#
# A fatal error has been detected by the Java Runtime Environment:
#
#  SIGSEGV (0xb) at pc=0x00000001050a6454, pid=36000, tid=40231
#
# JRE version: Java(TM) SE Runtime Environment (8.0_65-b17) (build 1.8.0_65-b17)
# Java VM: Java HotSpot(TM) 64-Bit Server VM (25.65-b01 mixed mode bsd-amd64 compressed oops)
# Problematic frame:
# V  [libjvm.dylib+0x317454]
#
# Failed to write core dump. Core dumps have been disabled. To enable core dumping, try "ulimit -c unlimited" before starting Java again
#
# If you would like to submit a bug report, please visit:
#   http://bugreport.java.com/bugreport/crash.jsp
#

---------------  T H R E A D  ---------------

Current thread (0x00007fe04c303800):  JavaThread "AWT-EventQueue-0" [_thread_in_vm, id=40231, stack(0x0000700001050000,0x0000700001150000)]

siginfo: si_signo: 11 (SIGSEGV), si_code: 1 (SEGV_MAPERR), si_addr: 0x0000000000000000

Registers:
RAX=0x0000000105663b04, RBX=0x0000000000000152, RCX=0x00000001055a4310, RDX=0x0000000000000152
RSP=0x000070000114e240, RBP=0x000070000114e2a0, RSI=0x0000000000000000, RDI=0x00007fe04c3039f8
R8 =0x0000000000000002, R9 =0x00000000fffffff8, R10=0x0000000000000003, R11=0x00007fe04b400000
R12=0x00007fe04e0cb928, R13=0x000000018d7cac48, R14=0x0000000000000000, R15=0x00007fe04c303800
RIP=0x00000001050a6454, EFLAGS=0x0000000000010202, ERR=0x0000000000000004
  TRAPNO=0x000000000000000e

Top of Stack: (sp=0x000070000114e240)
0x000070000114e240:   00007fe04c3039f8 00007fe04c303800
0x000070000114e250:   0000000000000000 00007fe04c303800
0x000070000114e260:   000070000114e2a0 00007fe04c303800
0x000070000114e270:   00007fe04c303800 0000000000000000
0x000070000114e280:   00007fe04e0cb928 000000018d7cac48
0x000070000114e290:   00007fe04c3039f8 00007fe04c3039f8
0x000070000114e2a0:   000070000114e2d0 0000000118f4a21c
0x000070000114e2b0:   000070000114e2d0 00007fe04e36c610
0x000070000114e2c0:   00007fe04b43aa00 00007fe04c3039f8
0x000070000114e2d0:   000070000114e300 000000011aabaa7a
0x000070000114e2e0:   000000018d7cac48 0000000000000000
0x000070000114e2f0:   000070000114e3c8 00007fe04c303800
0x000070000114e300:   000070000114e340 000000011c222864
0x000070000114e310:   000070000114e350 00007fe04e36c610
0x000070000114e320:   000070000114e3c0 000070000114e3c8
0x000070000114e330:   00007fe04c3039f8 000070000114e3d0
0x000070000114e340:   000070000114e3a0 00000001062134d4
0x000070000114e350:   0000000000000000 00000001062139c6
0x000070000114e360:   000070000114e360 0000000000000000
0x000070000114e370:   000070000114e3c8 000000018d7cb068
0x000070000114e380:   0000000000000000 000000018d7cac48
0x000070000114e390:   0000000000000000 000070000114e3c0
0x000070000114e3a0:   000070000114e410 0000000106207710
0x000070000114e3b0:   0000000000000000 000000010620f2bb
0x000070000114e3c0:   00000007abe23348 00000007abe23388
0x000070000114e3d0:   000070000114e3d0 000000018d7cab8d
0x000070000114e3e0:   000070000114e428 000000018d7cb068
0x000070000114e3f0:   0000000000000000 000000018d7caba8
0x000070000114e400:   000070000114e3c0 000070000114e428
0x000070000114e410:   000070000114e478 0000000106207710
0x000070000114e420:   0000000000000000 00000007abe23388
0x000070000114e430:   00000007825890f0 000070000114e438 

Instructions: (pc=0x00000001050a6454)
0x00000001050a6434:   7d a8 e8 41 9e 19 00 48 8b 7d a0 4c 89 f6 48 89
0x00000001050a6444:   da 90 0f 1f 40 00 48 8d 05 b3 d6 5b 00 80 38 00
0x00000001050a6454:   49 8b 16 74 16 48 8d 05 70 94 51 00 8a 48 08 44
0x00000001050a6464:   8b 62 08 49 d3 e4 4c 03 20 eb 04 4c 8b 62 08 49 

Register to memory mapping:

RAX=0x0000000105663b04: UseCompressedClassPointers+0 in /Library/Java/JavaVirtualMachines/jdk1.8.0_65.jdk/Contents/Home/jre/lib/server/libjvm.dylib at 0x0000000104d8f000
RBX=0x0000000000000152 is an unknown value
RCX=0x00000001055a4310: UseMembar+0 in /Library/Java/JavaVirtualMachines/jdk1.8.0_65.jdk/Contents/Home/jre/lib/server/libjvm.dylib at 0x0000000104d8f000
RDX=0x0000000000000152 is an unknown value
RSP=0x000070000114e240 is pointing into the stack for thread: 0x00007fe04c303800
RBP=0x000070000114e2a0 is pointing into the stack for thread: 0x00007fe04c303800
RSI=0x0000000000000000 is an unknown value
RDI=0x00007fe04c3039f8 is an unknown value
R8 =0x0000000000000002 is an unknown value
R9 =0x00000000fffffff8 is an unknown value
R10=0x0000000000000003 is an unknown value
R11=0x00007fe04b400000 is an unknown value
R12=0x00007fe04e0cb928 is a global jni handle
R13={method} {0x000000018d7cac48} 'GetDrawingSurfaceInfo0' '(Ljava/nio/ByteBuffer;)Ljava/nio/ByteBuffer;' in 'jogamp/nativewindow/jawt/JAWT_DrawingSurface'
R14=0x0000000000000000 is an unknown value
R15=0x00007fe04c303800 is a thread


Stack: [0x0000700001050000,0x0000700001150000],  sp=0x000070000114e240,  free space=1016k
Native frames: (J=compiled Java code, j=interpreted, Vv=VM code, C=native code)
V  [libjvm.dylib+0x317454]
C  [JavaNativeFoundation+0x321c]  JNFGetObjectField+0x40
C  [libawt_lwawt.dylib+0x44a7a]  awt_DrawingSurface_GetDrawingSurfaceInfo+0x46
C  [libnativewindow_awt.jnilib+0x864]  Java_jogamp_nativewindow_jawt_JAWT_1DrawingSurface_GetDrawingSurfaceInfo0__Ljava_nio_ByteBuffer_2+0x54
j  jogamp.nativewindow.jawt.JAWT_DrawingSurface.GetDrawingSurfaceInfo0(Ljava/nio/ByteBuffer;)Ljava/nio/ByteBuffer;+0
j  jogamp.nativewindow.jawt.JAWT_DrawingSurface.GetDrawingSurfaceInfo()Ljogamp/nativewindow/jawt/JAWT_DrawingSurfaceInfo;+5
j  jogamp.nativewindow.jawt.macosx.MacOSXJAWTWindow.lockSurfaceImpl(Ljava/awt/GraphicsConfiguration;)I+111
J 3400 C1 com.jogamp.nativewindow.awt.JAWTWindow.lockSurface()I (345 bytes) @ 0x0000000106c6dd44 [0x0000000106c6c360+0x19e4]
J 3404 C1 jogamp.opengl.GLDrawableImpl.lockSurface()I (103 bytes) @ 0x0000000106c672f4 [0x0000000106c671e0+0x114]
j  jogamp.opengl.GLContextImpl.makeCurrent(Z)I+104
j  jogamp.opengl.GLContextImpl.makeCurrent()I+2
j  jogamp.opengl.GLDrawableHelper.invokeGLImpl(Lcom/jogamp/opengl/GLDrawable;Lcom/jogamp/opengl/GLContext;Ljava/lang/Runnable;Ljava/lang/Runnable;)V+118
j  jogamp.opengl.GLDrawableHelper.invokeGL(Lcom/jogamp/opengl/GLDrawable;Lcom/jogamp/opengl/GLContext;Ljava/lang/Runnable;Ljava/lang/Runnable;)V+72
j  com.jogamp.opengl.awt.GLCanvas$12.run()V+104
J 1872 C1 java.awt.event.InvocationEvent.dispatch()V (69 bytes) @ 0x00000001067fb28c [0x00000001067fb140+0x14c]
J 1913 C1 java.awt.EventQueue.dispatchEventImpl(Ljava/awt/AWTEvent;Ljava/lang/Object;)V (149 bytes) @ 0x0000000106848534 [0x0000000106846980+0x1bb4]
J 1691 C1 java.awt.EventQueue$3.run()Ljava/lang/Void; (60 bytes) @ 0x0000000106786874 [0x00000001067867c0+0xb4]
J 1690 C1 java.awt.EventQueue$3.run()Ljava/lang/Object; (5 bytes) @ 0x0000000106786464 [0x0000000106786400+0x64]
v  ~StubRoutines::call_stub
V  [libjvm.dylib+0x2eab02]
V  [libjvm.dylib+0x34afcc]
J 1625  java.security.AccessController.doPrivileged(Ljava/security/PrivilegedAction;Ljava/security/AccessControlContext;)Ljava/lang/Object; (0 bytes) @ 0x0000000106740315 [0x0000000106740240+0xd5]
J 1686 C1 java.awt.EventQueue.dispatchEvent(Ljava/awt/AWTEvent;)V (80 bytes) @ 0x0000000106784744 [0x0000000106784460+0x2e4]
J 1636 C1 java.awt.EventDispatchThread.pumpOneEventForFilters(I)V (295 bytes) @ 0x000000010676d544 [0x000000010676ba40+0x1b04]
j  java.awt.EventDispatchThread.pumpEventsForFilter(ILjava/awt/Conditional;Ljava/awt/EventFilter;)V+35
j  java.awt.EventDispatchThread.pumpEventsForHierarchy(ILjava/awt/Conditional;Ljava/awt/Component;)V+11
j  java.awt.EventDispatchThread.pumpEvents(ILjava/awt/Conditional;)V+4
j  java.awt.EventDispatchThread.pumpEvents(Ljava/awt/Conditional;)V+3
j  java.awt.EventDispatchThread.run()V+9
v  ~StubRoutines::call_stub
V  [libjvm.dylib+0x2eab02]
V  [libjvm.dylib+0x2eb290]
V  [libjvm.dylib+0x2eb43c]
V  [libjvm.dylib+0x345959]
V  [libjvm.dylib+0x5612d3]
V  [libjvm.dylib+0x5629ce]
V  [libjvm.dylib+0x48342e]
C  [libsystem_pthread.dylib+0x3c13]  _pthread_body+0x83
C  [libsystem_pthread.dylib+0x3b90]  _pthread_body+0x0
C  [libsystem_pthread.dylib+0x1375]  thread_start+0xd
C  0x0000000000000000

Java frames: (J=compiled Java code, j=interpreted, Vv=VM code)
j  jogamp.nativewindow.jawt.JAWT_DrawingSurface.GetDrawingSurfaceInfo0(Ljava/nio/ByteBuffer;)Ljava/nio/ByteBuffer;+0
j  jogamp.nativewindow.jawt.JAWT_DrawingSurface.GetDrawingSurfaceInfo()Ljogamp/nativewindow/jawt/JAWT_DrawingSurfaceInfo;+5
j  jogamp.nativewindow.jawt.macosx.MacOSXJAWTWindow.lockSurfaceImpl(Ljava/awt/GraphicsConfiguration;)I+111
J 3400 C1 com.jogamp.nativewindow.awt.JAWTWindow.lockSurface()I (345 bytes) @ 0x0000000106c6dd44 [0x0000000106c6c360+0x19e4]
J 3404 C1 jogamp.opengl.GLDrawableImpl.lockSurface()I (103 bytes) @ 0x0000000106c672f4 [0x0000000106c671e0+0x114]
j  jogamp.opengl.GLContextImpl.makeCurrent(Z)I+104
j  jogamp.opengl.GLContextImpl.makeCurrent()I+2
j  jogamp.opengl.GLDrawableHelper.invokeGLImpl(Lcom/jogamp/opengl/GLDrawable;Lcom/jogamp/opengl/GLContext;Ljava/lang/Runnable;Ljava/lang/Runnable;)V+118
j  jogamp.opengl.GLDrawableHelper.invokeGL(Lcom/jogamp/opengl/GLDrawable;Lcom/jogamp/opengl/GLContext;Ljava/lang/Runnable;Ljava/lang/Runnable;)V+72
j  com.jogamp.opengl.awt.GLCanvas$12.run()V+104
J 1872 C1 java.awt.event.InvocationEvent.dispatch()V (69 bytes) @ 0x00000001067fb28c [0x00000001067fb140+0x14c]
J 1913 C1 java.awt.EventQueue.dispatchEventImpl(Ljava/awt/AWTEvent;Ljava/lang/Object;)V (149 bytes) @ 0x0000000106848534 [0x0000000106846980+0x1bb4]
J 1691 C1 java.awt.EventQueue$3.run()Ljava/lang/Void; (60 bytes) @ 0x0000000106786874 [0x00000001067867c0+0xb4]
J 1690 C1 java.awt.EventQueue$3.run()Ljava/lang/Object; (5 bytes) @ 0x0000000106786464 [0x0000000106786400+0x64]
v  ~StubRoutines::call_stub
J 1625  java.security.AccessController.doPrivileged(Ljava/security/PrivilegedAction;Ljava/security/AccessControlContext;)Ljava/lang/Object; (0 bytes) @ 0x00000001067402a3 [0x0000000106740240+0x63]
J 1686 C1 java.awt.EventQueue.dispatchEvent(Ljava/awt/AWTEvent;)V (80 bytes) @ 0x0000000106784744 [0x0000000106784460+0x2e4]
J 1636 C1 java.awt.EventDispatchThread.pumpOneEventForFilters(I)V (295 bytes) @ 0x000000010676d544 [0x000000010676ba40+0x1b04]
j  java.awt.EventDispatchThread.pumpEventsForFilter(ILjava/awt/Conditional;Ljava/awt/EventFilter;)V+35
j  java.awt.EventDispatchThread.pumpEventsForHierarchy(ILjava/awt/Conditional;Ljava/awt/Component;)V+11
j  java.awt.EventDispatchThread.pumpEvents(ILjava/awt/Conditional;)V+4
j  java.awt.EventDispatchThread.pumpEvents(Ljava/awt/Conditional;)V+3
j  java.awt.EventDispatchThread.run()V+9
v  ~StubRoutines::call_stub

---------------  P R O C E S S  ---------------

Java Threads: ( => current thread )
  0x00007fe04ea4e000 JavaThread "SwingWorker-pool-1-thread-3" daemon [_thread_blocked, id=68839, stack(0x0000700000dc4000,0x0000700000ec4000)]
  0x00007fe04f308000 JavaThread "SwingWorker-pool-1-thread-2-FPSAWTAnimator#00-Timer0" daemon [_thread_blocked, id=65715, stack(0x00007000017e8000,0x00007000018e8000)]
  0x00007fe04e930000 JavaThread "SwingWorker-pool-1-thread-2" daemon [_thread_blocked, id=67619, stack(0x00007000016e5000,0x00007000017e5000)]
  0x00007fe04c7f7800 JavaThread "SwingWorker-pool-1-thread-1" daemon [_thread_blocked, id=61195, stack(0x00007000015e2000,0x00007000016e2000)]
  0x00007fe04bce7000 JavaThread "TimerQueue" daemon [_thread_blocked, id=55859, stack(0x0000700001359000,0x0000700001459000)]
  0x00007fe04c38d800 JavaThread "Java2D Disposer" daemon [_thread_blocked, id=50183, stack(0x0000700001256000,0x0000700001356000)]
  0x00007fe04c009000 JavaThread "Java2D Queue Flusher" daemon [_thread_blocked, id=48663, stack(0x0000700001153000,0x0000700001253000)]
  0x00007fe04bac5800 JavaThread "DestroyJavaVM" [_thread_blocked, id=6403, stack(0x000070000011a000,0x000070000021a000)]
=>0x00007fe04c303800 JavaThread "AWT-EventQueue-0" [_thread_in_vm, id=40231, stack(0x0000700001050000,0x0000700001150000)]
  0x00007fe04b9f1800 JavaThread "AWT-Shutdown" [_thread_blocked, id=29199, stack(0x0000700000eca000,0x0000700000fca000)]
  0x00007fe04b9e2800 JavaThread "AWT-AppKit" daemon [_thread_in_native, id=2571, stack(0x00007fff5a8ed000,0x00007fff5b0ed000)]
  0x00007fe04c072800 JavaThread "Service Thread" daemon [_thread_blocked, id=17411, stack(0x0000700000b3b000,0x0000700000c3b000)]
  0x00007fe04b839000 JavaThread "C1 CompilerThread1" daemon [_thread_blocked, id=16899, stack(0x0000700000a38000,0x0000700000b38000)]
  0x00007fe04b804000 JavaThread "C2 CompilerThread0" daemon [_thread_blocked, id=16387, stack(0x0000700000935000,0x0000700000a35000)]
  0x00007fe04b81a800 JavaThread "Signal Dispatcher" daemon [_thread_blocked, id=12303, stack(0x0000700000832000,0x0000700000932000)]
  0x00007fe04b813000 JavaThread "Finalizer" daemon [_thread_blocked, id=11779, stack(0x0000700000629000,0x0000700000729000)]
  0x00007fe04b812800 JavaThread "Reference Handler" daemon [_thread_blocked, id=11267, stack(0x0000700000526000,0x0000700000626000)]

Other Threads:
  0x00007fe04c05e000 VMThread [stack: 0x0000700000423000,0x0000700000523000] [id=10755]
  0x00007fe04b82f800 WatcherThread [stack: 0x0000700000c3e000,0x0000700000d3e000] [id=17923]

VM state:not at safepoint (normal execution)

VM Mutex/Monitor currently owned by a thread: None

Heap:
 PSYoungGen      total 80384K, used 33456K [0x00000007aab00000, 0x00000007b1100000, 0x00000007c0000000)
  eden space 60416K, 33% used [0x00000007aab00000,0x00000007abea7d70,0x00000007ae600000)
  from space 19968K, 66% used [0x00000007afd80000,0x00000007b0a843f8,0x00000007b1100000)
  to   space 22016K, 0% used [0x00000007ae600000,0x00000007ae600000,0x00000007afb80000)
 ParOldGen       total 75264K, used 50975K [0x0000000780000000, 0x0000000784980000, 0x00000007aab00000)
  object space 75264K, 67% used [0x0000000780000000,0x00000007831c7c80,0x0000000784980000)
 Metaspace       used 23645K, capacity 23890K, committed 24448K, reserved 1071104K
  class space    used 2781K, capacity 2880K, committed 2944K, reserved 1048576K

Card table byte_map: [0x00000001155c0000,0x00000001157c1000] byte_map_base: 0x00000001119c0000

Marking Bits: (ParMarkBitMap*) 0x000000010566de20
 Begin Bits: [0x0000000115917000, 0x0000000116917000)
 End Bits:   [0x0000000116917000, 0x0000000117917000)

Polling page: 0x0000000105d5f000

CodeCache: size=245760Kb used=10781Kb max_used=10781Kb free=234978Kb
 bounds [0x0000000106200000, 0x0000000106ca0000, 0x0000000115200000]
 total_blobs=4075 nmethods=3158 adapters=831
 compilation: enabled

Compilation events (10 events):
Event: 18.155 Thread 0x00007fe04b804000 3442       4       actr.model.Symbol::isVariable (28 bytes)
Event: 18.155 Thread 0x00007fe04b804000 nmethod 3442 0x0000000106c82490 code [0x0000000106c825e0, 0x0000000106c826b8]
Event: 20.569 Thread 0x00007fe04b804000 3443       4       sun.java2d.pipe.RenderQueue::unlock (4 bytes)
Event: 20.573 Thread 0x00007fe04b804000 nmethod 3443 0x0000000106c83bd0 code [0x0000000106c83d20, 0x0000000106c83e28]
Event: 20.758 Thread 0x00007fe04b839000 3444       3       sun.lwawt.macosx.NSEvent::isPopupTrigger (60 bytes)
Event: 20.758 Thread 0x00007fe04b839000 nmethod 3444 0x0000000106c85250 code [0x0000000106c853c0, 0x0000000106c856f0]
Event: 20.758 Thread 0x00007fe04b839000 3445       3       sun.lwawt.LWWindowPeer::notifyMouseEvent (661 bytes)
Event: 20.777 Thread 0x00007fe04b839000 nmethod 3445 0x0000000106c8c050 code [0x0000000106c8c640, 0x0000000106c915f8]
Event: 21.386 Thread 0x00007fe04b839000 3446       1       sun.java2d.opengl.OGLRenderQueue::access$000 (5 bytes)
Event: 21.387 Thread 0x00007fe04b839000 nmethod 3446 0x0000000106c83910 code [0x0000000106c83a60, 0x0000000106c83b50]

GC Heap History (10 events):
Event: 7.200 GC heap before
{Heap before GC invocations=3 (full 0):
 PSYoungGen      total 18944K, used 18944K [0x00000007aab00000, 0x00000007ac000000, 0x00000007c0000000)
  eden space 16384K, 100% used [0x00000007aab00000,0x00000007abb00000,0x00000007abb00000)
  from space 2560K, 100% used [0x00000007abd80000,0x00000007ac000000,0x00000007ac000000)
  to   space 2560K, 0% used [0x00000007abb00000,0x00000007abb00000,0x00000007abd80000)
 ParOldGen       total 44032K, used 6651K [0x0000000780000000, 0x0000000782b00000, 0x00000007aab00000)
  object space 44032K, 15% used [0x0000000780000000,0x000000078067ee48,0x0000000782b00000)
 Metaspace       used 16664K, capacity 16954K, committed 17280K, reserved 1064960K
  class space    used 2285K, capacity 2367K, committed 2432K, reserved 1048576K
Event: 7.247 GC heap after
Heap after GC invocations=3 (full 0):
 PSYoungGen      total 18944K, used 2544K [0x00000007aab00000, 0x00000007ad000000, 0x00000007c0000000)
  eden space 16384K, 0% used [0x00000007aab00000,0x00000007aab00000,0x00000007abb00000)
  from space 2560K, 99% used [0x00000007abb00000,0x00000007abd7c010,0x00000007abd80000)
  to   space 2560K, 0% used [0x00000007acd80000,0x00000007acd80000,0x00000007ad000000)
 ParOldGen       total 44032K, used 20683K [0x0000000780000000, 0x0000000782b00000, 0x00000007aab00000)
  object space 44032K, 46% used [0x0000000780000000,0x0000000781432e48,0x0000000782b00000)
 Metaspace       used 16664K, capacity 16954K, committed 17280K, reserved 1064960K
  class space    used 2285K, capacity 2367K, committed 2432K, reserved 1048576K
}
Event: 7.280 GC heap before
{Heap before GC invocations=4 (full 0):
 PSYoungGen      total 18944K, used 18928K [0x00000007aab00000, 0x00000007ad000000, 0x00000007c0000000)
  eden space 16384K, 100% used [0x00000007aab00000,0x00000007abb00000,0x00000007abb00000)
  from space 2560K, 99% used [0x00000007abb00000,0x00000007abd7c010,0x00000007abd80000)
  to   space 2560K, 0% used [0x00000007acd80000,0x00000007acd80000,0x00000007ad000000)
 ParOldGen       total 44032K, used 20683K [0x0000000780000000, 0x0000000782b00000, 0x00000007aab00000)
  object space 44032K, 46% used [0x0000000780000000,0x0000000781432e48,0x0000000782b00000)
 Metaspace       used 16670K, capacity 16954K, committed 17280K, reserved 1064960K
  class space    used 2285K, capacity 2367K, committed 2432K, reserved 1048576K
Event: 7.351 GC heap after
Heap after GC invocations=4 (full 0):
 PSYoungGen      total 35328K, used 2528K [0x00000007aab00000, 0x00000007ad000000, 0x00000007c0000000)
  eden space 32768K, 0% used [0x00000007aab00000,0x00000007aab00000,0x00000007acb00000)
  from space 2560K, 98% used [0x00000007acd80000,0x00000007acff8010,0x00000007ad000000)
  to   space 2560K, 0% used [0x00000007acb00000,0x00000007acb00000,0x00000007acd80000)
 ParOldGen       total 44032K, used 34795K [0x0000000780000000, 0x0000000782b00000, 0x00000007aab00000)
  object space 44032K, 79% used [0x0000000780000000,0x00000007821fae48,0x0000000782b00000)
 Metaspace       used 16670K, capacity 16954K, committed 17280K, reserved 1064960K
  class space    used 2285K, capacity 2367K, committed 2432K, reserved 1048576K
}
Event: 7.351 GC heap before
{Heap before GC invocations=5 (full 1):
 PSYoungGen      total 35328K, used 2528K [0x00000007aab00000, 0x00000007ad000000, 0x00000007c0000000)
  eden space 32768K, 0% used [0x00000007aab00000,0x00000007aab00000,0x00000007acb00000)
  from space 2560K, 98% used [0x00000007acd80000,0x00000007acff8010,0x00000007ad000000)
  to   space 2560K, 0% used [0x00000007acb00000,0x00000007acb00000,0x00000007acd80000)
 ParOldGen       total 44032K, used 34795K [0x0000000780000000, 0x0000000782b00000, 0x00000007aab00000)
  object space 44032K, 79% used [0x0000000780000000,0x00000007821fae48,0x0000000782b00000)
 Metaspace       used 16670K, capacity 16954K, committed 17280K, reserved 1064960K
  class space    used 2285K, capacity 2367K, committed 2432K, reserved 1048576K
Event: 7.613 GC heap after
Heap after GC invocations=5 (full 1):
 PSYoungGen      total 35328K, used 0K [0x00000007aab00000, 0x00000007ad000000, 0x00000007c0000000)
  eden space 32768K, 0% used [0x00000007aab00000,0x00000007aab00000,0x00000007acb00000)
  from space 2560K, 0% used [0x00000007acd80000,0x00000007acd80000,0x00000007ad000000)
  to   space 2560K, 0% used [0x00000007acb00000,0x00000007acb00000,0x00000007acd80000)
 ParOldGen       total 75264K, used 37048K [0x0000000780000000, 0x0000000784980000, 0x00000007aab00000)
  object space 75264K, 49% used [0x0000000780000000,0x000000078242e260,0x0000000784980000)
 Metaspace       used 16670K, capacity 16954K, committed 17280K, reserved 1064960K
  class space    used 2285K, capacity 2367K, committed 2432K, reserved 1048576K
}
Event: 10.383 GC heap before
{Heap before GC invocations=6 (full 1):
 PSYoungGen      total 35328K, used 32768K [0x00000007aab00000, 0x00000007ad000000, 0x00000007c0000000)
  eden space 32768K, 100% used [0x00000007aab00000,0x00000007acb00000,0x00000007acb00000)
  from space 2560K, 0% used [0x00000007acd80000,0x00000007acd80000,0x00000007ad000000)
  to   space 2560K, 0% used [0x00000007acb00000,0x00000007acb00000,0x00000007acd80000)
 ParOldGen       total 75264K, used 37052K [0x0000000780000000, 0x0000000784980000, 0x00000007aab00000)
  object space 75264K, 49% used [0x0000000780000000,0x000000078242f270,0x0000000784980000)
 Metaspace       used 22763K, capacity 23014K, committed 23424K, reserved 1069056K
  class space    used 2771K, capacity 2846K, committed 2944K, reserved 1048576K
Event: 10.421 GC heap after
Heap after GC invocations=6 (full 1):
 PSYoungGen      total 35328K, used 2547K [0x00000007aab00000, 0x00000007b1400000, 0x00000007c0000000)
  eden space 32768K, 0% used [0x00000007aab00000,0x00000007aab00000,0x00000007acb00000)
  from space 2560K, 99% used [0x00000007acb00000,0x00000007acd7cd48,0x00000007acd80000)
  to   space 23040K, 0% used [0x00000007afd80000,0x00000007afd80000,0x00000007b1400000)
 ParOldGen       total 75264K, used 49818K [0x0000000780000000, 0x0000000784980000, 0x00000007aab00000)
  object space 75264K, 66% used [0x0000000780000000,0x00000007830a6890,0x0000000784980000)
 Metaspace       used 22763K, capacity 23014K, committed 23424K, reserved 1069056K
  class space    used 2771K, capacity 2846K, committed 2944K, reserved 1048576K
}
Event: 11.332 GC heap before
{Heap before GC invocations=7 (full 1):
 PSYoungGen      total 35328K, used 35315K [0x00000007aab00000, 0x00000007b1400000, 0x00000007c0000000)
  eden space 32768K, 100% used [0x00000007aab00000,0x00000007acb00000,0x00000007acb00000)
  from space 2560K, 99% used [0x00000007acb00000,0x00000007acd7cd48,0x00000007acd80000)
  to   space 23040K, 0% used [0x00000007afd80000,0x00000007afd80000,0x00000007b1400000)
 ParOldGen       total 75264K, used 50967K [0x0000000780000000, 0x0000000784980000, 0x00000007aab00000)
  object space 75264K, 67% used [0x0000000780000000,0x00000007831c5c80,0x0000000784980000)
 Metaspace       used 22874K, capacity 23142K, committed 23680K, reserved 1071104K
  class space    used 2772K, capacity 2846K, committed 2944K, reserved 1048576K
Event: 11.367 GC heap after
Heap after GC invocations=7 (full 1):
 PSYoungGen      total 80384K, used 13328K [0x00000007aab00000, 0x00000007b1100000, 0x00000007c0000000)
  eden space 60416K, 0% used [0x00000007aab00000,0x00000007aab00000,0x00000007ae600000)
  from space 19968K, 66% used [0x00000007afd80000,0x00000007b0a843f8,0x00000007b1100000)
  to   space 22016K, 0% used [0x00000007ae600000,0x00000007ae600000,0x00000007afb80000)
 ParOldGen       total 75264K, used 50975K [0x0000000780000000, 0x0000000784980000, 0x00000007aab00000)
  object space 75264K, 67% used [0x0000000780000000,0x00000007831c7c80,0x0000000784980000)
 Metaspace       used 22874K, capacity 23142K, committed 23680K, reserved 1071104K
  class space    used 2772K, capacity 2846K, committed 2944K, reserved 1048576K
}

Deoptimization events (10 events):
Event: 10.452 Thread 0x00007fe04e930000 Uncommon trap: reason=bimorphic action=maybe_recompile pc=0x00000001066aac38 method=java.util.HashMap.putVal(ILjava/lang/Object;Ljava/lang/Object;ZZ)Ljava/lang/Object; @ 91
Event: 10.640 Thread 0x00007fe04c303800 Uncommon trap: reason=unstable_if action=reinterpret pc=0x000000010648741c method=sun.awt.image.ToolkitImage.getImageRep()Lsun/awt/image/ImageRepresentation; @ 21
Event: 10.652 Thread 0x00007fe04ea35800 Uncommon trap: reason=unstable_if action=reinterpret pc=0x00000001065d4f90 method=sun.awt.image.PNGImageDecoder.produceImage()V @ 867
Event: 10.666 Thread 0x00007fe04c303800 Uncommon trap: reason=unstable_if action=reinterpret pc=0x0000000106691b74 method=actr.tasks.driving.Textures$Texture.<init>(Ljava/awt/Image;Z)V @ 205
Event: 10.667 Thread 0x00007fe04c303800 Uncommon trap: reason=unstable_if action=reinterpret pc=0x00000001063bfa2c method=sun.awt.image.ToolkitImage.getImageRep()Lsun/awt/image/ImageRepresentation; @ 21
Event: 10.674 Thread 0x00007fe04c303800 Uncommon trap: reason=unstable_if action=reinterpret pc=0x0000000106318c9c method=sun.awt.image.ToolkitImage.getWidth(Ljava/awt/image/ImageObserver;)I @ 23
Event: 16.464 Thread 0x00007fe04c303800 Uncommon trap: reason=unstable_if action=reinterpret pc=0x000000010637be68 method=sun.awt.image.ToolkitImage.getImageRep()Lsun/awt/image/ImageRepresentation; @ 4
Event: 16.465 Thread 0x00007fe04c303800 Uncommon trap: reason=unstable_if action=reinterpret pc=0x000000010631dff4 method=sun.awt.image.ImageWatched.addWatcher(Ljava/awt/image/ImageObserver;)V @ 1
Event: 16.465 Thread 0x00007fe04c303800 Uncommon trap: reason=unstable_if action=reinterpret pc=0x000000010648dc98 method=sun.awt.image.ToolkitImage.getWidth(Ljava/awt/image/ImageObserver;)I @ 4
Event: 18.021 Thread 0x00007fe04ea4e000 Uncommon trap: reason=unstable_if action=reinterpret pc=0x00000001069ef578 method=javax.swing.text.AbstractDocument$BranchElement.getElementIndex(I)I @ 57

Internal exceptions (10 events):
Event: 11.218 Thread 0x00007fe04c303800 Exception <a 'java/io/FileNotFoundException'> (0x00000007ac3ff2c0) thrown at [/Users/java_re/workspace/8-2-build-macosx-x86_64/jdk8u65/4987/hotspot/src/share/vm/prims/jni.cpp, line 709]
Event: 11.237 Thread 0x00007fe04c303800 Exception <a 'java/io/FileNotFoundException'> (0x00000007ac402c30) thrown at [/Users/java_re/workspace/8-2-build-macosx-x86_64/jdk8u65/4987/hotspot/src/share/vm/prims/jni.cpp, line 709]
Event: 11.279 Thread 0x00007fe04c303800 Exception <a 'java/io/FileNotFoundException'> (0x00000007ac406420) thrown at [/Users/java_re/workspace/8-2-build-macosx-x86_64/jdk8u65/4987/hotspot/src/share/vm/prims/jni.cpp, line 709]
Event: 11.286 Thread 0x00007fe04c303800 Exception <a 'java/io/FileNotFoundException'> (0x00000007ac409bf8) thrown at [/Users/java_re/workspace/8-2-build-macosx-x86_64/jdk8u65/4987/hotspot/src/share/vm/prims/jni.cpp, line 709]
Event: 11.407 Thread 0x00007fe04c303800 Exception <a 'java/io/FileNotFoundException'> (0x00000007aac60698) thrown at [/Users/java_re/workspace/8-2-build-macosx-x86_64/jdk8u65/4987/hotspot/src/share/vm/prims/jni.cpp, line 709]
Event: 11.467 Thread 0x00007fe04c303800 Exception <a 'java/io/FileNotFoundException'> (0x00000007aac63e50) thrown at [/Users/java_re/workspace/8-2-build-macosx-x86_64/jdk8u65/4987/hotspot/src/share/vm/prims/jni.cpp, line 709]
Event: 11.540 Thread 0x00007fe04c303800 Exception <a 'java/io/FileNotFoundException'> (0x00000007aac674c8) thrown at [/Users/java_re/workspace/8-2-build-macosx-x86_64/jdk8u65/4987/hotspot/src/share/vm/prims/jni.cpp, line 709]
Event: 11.546 Thread 0x00007fe04c303800 Exception <a 'java/io/FileNotFoundException'> (0x00000007aac7ac80) thrown at [/Users/java_re/workspace/8-2-build-macosx-x86_64/jdk8u65/4987/hotspot/src/share/vm/prims/jni.cpp, line 709]
Event: 16.463 Thread 0x00007fe04c303800 Implicit null exception at 0x000000010637bca0 to 0x000000010637be55
Event: 16.465 Thread 0x00007fe04c303800 Implicit null exception at 0x000000010648d67b to 0x000000010648dc81

Events (10 events):
Event: 17.885 Executing VM operation: RevokeBias done
Event: 18.006 loading class actr/env/Frame$5
Event: 18.006 loading class actr/env/Frame$5 done
Event: 18.007 Thread 0x00007fe04ea4e000 Thread added: 0x00007fe04ea4e000
Event: 18.021 Thread 0x00007fe04ea4e000 Uncommon trap: trap_request=0xffffff65 fr.pc=0x00000001069ef578
Event: 18.021 Thread 0x00007fe04ea4e000 DEOPT PACKING pc=0x00000001069ef578 sp=0x0000700000ec3160
Event: 18.021 Thread 0x00007fe04ea4e000 DEOPT UNPACKING pc=0x0000000106204f69 sp=0x0000700000ec30e8 mode 2
Event: 22.887 Thread 0x00007fe04c6d1800 Thread exited: 0x00007fe04c6d1800
Event: 23.029 Executing VM operation: RevokeBias
Event: 23.029 Executing VM operation: RevokeBias done


Dynamic libraries:
0x000000000b4c4000 	/System/Library/Frameworks/Cocoa.framework/Versions/A/Cocoa
0x000000000b4c4000 	/System/Library/Frameworks/Security.framework/Versions/A/Security
0x000000000b4c4000 	/System/Library/Frameworks/ApplicationServices.framework/Versions/A/ApplicationServices
0x000000000b4c4000 	/usr/lib/libz.1.dylib
0x000000000b4c4000 	/usr/lib/libSystem.B.dylib
0x000000000b4c4000 	/usr/lib/libobjc.A.dylib
0x000000000b4c4000 	/System/Library/Frameworks/CoreFoundation.framework/Versions/A/CoreFoundation
0x000000000b4c4000 	/System/Library/Frameworks/Foundation.framework/Versions/C/Foundation
0x000000000b4c4000 	/System/Library/Frameworks/AppKit.framework/Versions/C/AppKit
0x000000000b4c4000 	/System/Library/Frameworks/CoreData.framework/Versions/A/CoreData
0x000000000b4c4000 	/System/Library/PrivateFrameworks/RemoteViewServices.framework/Versions/A/RemoteViewServices
0x000000000b4c4000 	/System/Library/PrivateFrameworks/UIFoundation.framework/Versions/A/UIFoundation
0x000000000b4c4000 	/usr/lib/libScreenReader.dylib
0x000000000b4c4000 	/System/Library/Frameworks/Accelerate.framework/Versions/A/Accelerate
0x000000000b4c4000 	/System/Library/Frameworks/IOSurface.framework/Versions/A/IOSurface
0x000000000b4c4000 	/System/Library/Frameworks/AudioToolbox.framework/Versions/A/AudioToolbox
0x000000000b4c4000 	/System/Library/Frameworks/AudioUnit.framework/Versions/A/AudioUnit
0x000000000b4c4000 	/System/Library/PrivateFrameworks/DataDetectorsCore.framework/Versions/A/DataDetectorsCore
0x000000000b4c4000 	/System/Library/PrivateFrameworks/DesktopServicesPriv.framework/Versions/A/DesktopServicesPriv
0x000000000b4c4000 	/System/Library/Frameworks/Carbon.framework/Versions/A/Frameworks/HIToolbox.framework/Versions/A/HIToolbox
0x000000000b4c4000 	/System/Library/Frameworks/QuartzCore.framework/Versions/A/QuartzCore
0x000000000b4c4000 	/System/Library/Frameworks/Carbon.framework/Versions/A/Frameworks/SpeechRecognition.framework/Versions/A/SpeechRecognition
0x000000000b4c4000 	/usr/lib/libauto.dylib
0x000000000b4c4000 	/usr/lib/libicucore.A.dylib
0x000000000b4c4000 	/usr/lib/libxml2.2.dylib
0x000000000b4c4000 	/System/Library/PrivateFrameworks/CoreUI.framework/Versions/A/CoreUI
0x000000000b4c4000 	/System/Library/Frameworks/CoreAudio.framework/Versions/A/CoreAudio
0x000000000b4c4000 	/System/Library/Frameworks/DiskArbitration.framework/Versions/A/DiskArbitration
0x000000000b4c4000 	/usr/lib/liblangid.dylib
0x000000000b4c4000 	/System/Library/PrivateFrameworks/MultitouchSupport.framework/Versions/A/MultitouchSupport
0x000000000b4c4000 	/System/Library/Frameworks/IOKit.framework/Versions/A/IOKit
0x000000000b4c4000 	/usr/lib/libDiagnosticMessagesClient.dylib
0x000000000b4c4000 	/System/Library/Frameworks/CoreServices.framework/Versions/A/CoreServices
0x000000000b4c4000 	/System/Library/PrivateFrameworks/PerformanceAnalysis.framework/Versions/A/PerformanceAnalysis
0x000000000b4c4000 	/System/Library/PrivateFrameworks/GenerationalStorage.framework/Versions/A/GenerationalStorage
0x000000000b4c4000 	/System/Library/Frameworks/OpenGL.framework/Versions/A/OpenGL
0x000000000b4c4000 	/System/Library/PrivateFrameworks/Sharing.framework/Versions/A/Sharing
0x000000000b4c4000 	/System/Library/Frameworks/CoreGraphics.framework/Versions/A/CoreGraphics
0x000000000b4c4000 	/System/Library/Frameworks/CoreImage.framework/Versions/A/CoreImage
0x000000000b4c4000 	/System/Library/Frameworks/CoreText.framework/Versions/A/CoreText
0x000000000b4c4000 	/System/Library/Frameworks/ImageIO.framework/Versions/A/ImageIO
0x000000000b4c4000 	/System/Library/PrivateFrameworks/Backup.framework/Versions/A/Backup
0x000000000b4c4000 	/usr/lib/libextension.dylib
0x000000000b4c4000 	/usr/lib/libarchive.2.dylib
0x000000000b4c4000 	/System/Library/Frameworks/CFNetwork.framework/Versions/A/CFNetwork
0x000000000b4c4000 	/System/Library/Frameworks/SystemConfiguration.framework/Versions/A/SystemConfiguration
0x000000000b4c4000 	/usr/lib/libCRFSuite.dylib
0x000000000b4c4000 	/usr/lib/libc++.1.dylib
0x000000000b4c4000 	/usr/lib/libc++abi.dylib
0x000000000b4c4000 	/usr/lib/system/libcache.dylib
0x000000000b4c4000 	/usr/lib/system/libcommonCrypto.dylib
0x000000000b4c4000 	/usr/lib/system/libcompiler_rt.dylib
0x000000000b4c4000 	/usr/lib/system/libcopyfile.dylib
0x000000000b4c4000 	/usr/lib/system/libcorecrypto.dylib
0x000000000b4c4000 	/usr/lib/system/libdispatch.dylib
0x000000000b4c4000 	/usr/lib/system/libdyld.dylib
0x000000000b4c4000 	/usr/lib/system/libkeymgr.dylib
0x000000000b4c4000 	/usr/lib/system/liblaunch.dylib
0x000000000b4c4000 	/usr/lib/system/libmacho.dylib
0x000000000b4c4000 	/usr/lib/system/libquarantine.dylib
0x000000000b4c4000 	/usr/lib/system/libremovefile.dylib
0x000000000b4c4000 	/usr/lib/system/libsystem_asl.dylib
0x000000000b4c4000 	/usr/lib/system/libsystem_blocks.dylib
0x000000000b4c4000 	/usr/lib/system/libsystem_c.dylib
0x000000000b4c4000 	/usr/lib/system/libsystem_configuration.dylib
0x000000000b4c4000 	/usr/lib/system/libsystem_coreservices.dylib
0x000000000b4c4000 	/usr/lib/system/libsystem_coretls.dylib
0x000000000b4c4000 	/usr/lib/system/libsystem_dnssd.dylib
0x000000000b4c4000 	/usr/lib/system/libsystem_info.dylib
0x000000000b4c4000 	/usr/lib/system/libsystem_kernel.dylib
0x000000000b4c4000 	/usr/lib/system/libsystem_m.dylib
0x000000000b4c4000 	/usr/lib/system/libsystem_malloc.dylib
0x000000000b4c4000 	/usr/lib/system/libsystem_network.dylib
0x000000000b4c4000 	/usr/lib/system/libsystem_networkextension.dylib
0x000000000b4c4000 	/usr/lib/system/libsystem_notify.dylib
0x000000000b4c4000 	/usr/lib/system/libsystem_platform.dylib
0x000000000b4c4000 	/usr/lib/system/libsystem_pthread.dylib
0x000000000b4c4000 	/usr/lib/system/libsystem_sandbox.dylib
0x000000000b4c4000 	/usr/lib/system/libsystem_secinit.dylib
0x000000000b4c4000 	/usr/lib/system/libsystem_trace.dylib
0x000000000b4c4000 	/usr/lib/system/libunc.dylib
0x000000000b4c4000 	/usr/lib/system/libunwind.dylib
0x000000000b4c4000 	/usr/lib/system/libxpc.dylib
0x000000000b4c4000 	/usr/lib/libenergytrace.dylib
0x000000000b4c4000 	/usr/lib/libbsm.0.dylib
0x000000000b4c4000 	/usr/lib/system/libkxld.dylib
0x000000000b4c4000 	/usr/lib/libxar.1.dylib
0x000000000b4c4000 	/usr/lib/libsqlite3.dylib
0x000000000b4c4000 	/usr/lib/libpam.2.dylib
0x000000000b4c4000 	/usr/lib/libOpenScriptingUtil.dylib
0x000000000b4c4000 	/usr/lib/libbz2.1.0.dylib
0x000000000b4c4000 	/usr/lib/liblzma.5.dylib
0x000000000b4c4000 	/System/Library/Frameworks/CoreServices.framework/Versions/A/Frameworks/FSEvents.framework/Versions/A/FSEvents
0x000000000b4c4000 	/System/Library/Frameworks/CoreServices.framework/Versions/A/Frameworks/CarbonCore.framework/Versions/A/CarbonCore
0x000000000b4c4000 	/System/Library/Frameworks/CoreServices.framework/Versions/A/Frameworks/Metadata.framework/Versions/A/Metadata
0x000000000b4c4000 	/System/Library/Frameworks/CoreServices.framework/Versions/A/Frameworks/OSServices.framework/Versions/A/OSServices
0x000000000b4c4000 	/System/Library/Frameworks/CoreServices.framework/Versions/A/Frameworks/SearchKit.framework/Versions/A/SearchKit
0x000000000b4c4000 	/System/Library/Frameworks/CoreServices.framework/Versions/A/Frameworks/AE.framework/Versions/A/AE
0x000000000b4c4000 	/System/Library/Frameworks/CoreServices.framework/Versions/A/Frameworks/LaunchServices.framework/Versions/A/LaunchServices
0x000000000b4c4000 	/System/Library/Frameworks/CoreServices.framework/Versions/A/Frameworks/DictionaryServices.framework/Versions/A/DictionaryServices
0x000000000b4c4000 	/System/Library/Frameworks/CoreServices.framework/Versions/A/Frameworks/SharedFileList.framework/Versions/A/SharedFileList
0x000000000b4c4000 	/System/Library/Frameworks/NetFS.framework/Versions/A/NetFS
0x000000000b4c4000 	/System/Library/PrivateFrameworks/NetAuth.framework/Versions/A/NetAuth
0x000000000b4c4000 	/System/Library/PrivateFrameworks/login.framework/Versions/A/Frameworks/loginsupport.framework/Versions/A/loginsupport
0x000000000b4c4000 	/System/Library/PrivateFrameworks/TCC.framework/Versions/A/TCC
0x000000000b4c4000 	/usr/lib/libmecabra.dylib
0x000000000b4c4000 	/System/Library/Frameworks/ApplicationServices.framework/Versions/A/Frameworks/ATS.framework/Versions/A/ATS
0x000000000b4c4000 	/System/Library/Frameworks/ApplicationServices.framework/Versions/A/Frameworks/ColorSync.framework/Versions/A/ColorSync
0x000000000b4c4000 	/System/Library/Frameworks/ApplicationServices.framework/Versions/A/Frameworks/HIServices.framework/Versions/A/HIServices
0x000000000b4c4000 	/System/Library/Frameworks/ApplicationServices.framework/Versions/A/Frameworks/LangAnalysis.framework/Versions/A/LangAnalysis
0x000000000b4c4000 	/System/Library/Frameworks/ApplicationServices.framework/Versions/A/Frameworks/PrintCore.framework/Versions/A/PrintCore
0x000000000b4c4000 	/System/Library/Frameworks/ApplicationServices.framework/Versions/A/Frameworks/QD.framework/Versions/A/QD
0x000000000b4c4000 	/System/Library/Frameworks/ApplicationServices.framework/Versions/A/Frameworks/SpeechSynthesis.framework/Versions/A/SpeechSynthesis
0x000000000b4c4000 	/System/Library/Frameworks/Metal.framework/Versions/A/Metal
0x000000000b4c4000 	/System/Library/Frameworks/Accelerate.framework/Versions/A/Frameworks/vImage.framework/Versions/A/vImage
0x000000000b4c4000 	/System/Library/Frameworks/Accelerate.framework/Versions/A/Frameworks/vecLib.framework/Versions/A/vecLib
0x000000000b4c4000 	/System/Library/Frameworks/Accelerate.framework/Versions/A/Frameworks/vecLib.framework/Versions/A/libvDSP.dylib
0x000000000b4c4000 	/System/Library/Frameworks/Accelerate.framework/Versions/A/Frameworks/vecLib.framework/Versions/A/libvMisc.dylib
0x000000000b4c4000 	/System/Library/Frameworks/Accelerate.framework/Versions/A/Frameworks/vecLib.framework/Versions/A/libLAPACK.dylib
0x000000000b4c4000 	/System/Library/Frameworks/Accelerate.framework/Versions/A/Frameworks/vecLib.framework/Versions/A/libBLAS.dylib
0x000000000b4c4000 	/System/Library/Frameworks/Accelerate.framework/Versions/A/Frameworks/vecLib.framework/Versions/A/libLinearAlgebra.dylib
0x000000000b4c4000 	/System/Library/Frameworks/Accelerate.framework/Versions/A/Frameworks/vecLib.framework/Versions/A/libSparseBLAS.dylib
0x000000000b4c4000 	/System/Library/PrivateFrameworks/GPUCompiler.framework/libmetal_timestamp.dylib
0x000000000b4c4000 	/System/Library/Frameworks/OpenGL.framework/Versions/A/Libraries/libCoreFSCache.dylib
0x000000000b4c4000 	/System/Library/PrivateFrameworks/IOAccelerator.framework/Versions/A/IOAccelerator
0x000000000b4c4000 	/System/Library/Frameworks/ApplicationServices.framework/Versions/A/Frameworks/ATS.framework/Versions/A/Resources/libFontParser.dylib
0x000000000b4c4000 	/System/Library/Frameworks/ApplicationServices.framework/Versions/A/Frameworks/ATS.framework/Versions/A/Resources/libFontRegistry.dylib
0x000000000b4c4000 	/System/Library/PrivateFrameworks/AppleVPA.framework/Versions/A/AppleVPA
0x000000000b4c4000 	/System/Library/PrivateFrameworks/AppleJPEG.framework/Versions/A/AppleJPEG
0x000000000b4c4000 	/System/Library/Frameworks/ImageIO.framework/Versions/A/Resources/libJPEG.dylib
0x000000000b4c4000 	/System/Library/Frameworks/ImageIO.framework/Versions/A/Resources/libTIFF.dylib
0x000000000b4c4000 	/System/Library/Frameworks/ImageIO.framework/Versions/A/Resources/libPng.dylib
0x000000000b4c4000 	/System/Library/Frameworks/ImageIO.framework/Versions/A/Resources/libGIF.dylib
0x000000000b4c4000 	/System/Library/Frameworks/ImageIO.framework/Versions/A/Resources/libJP2.dylib
0x000000000b4c4000 	/System/Library/Frameworks/ImageIO.framework/Versions/A/Resources/libRadiance.dylib
0x000000000b4c4000 	/System/Library/Frameworks/CoreVideo.framework/Versions/A/CoreVideo
0x000000000b4c4000 	/System/Library/Frameworks/OpenGL.framework/Versions/A/Libraries/libGLU.dylib
0x000000000b4c4000 	/System/Library/Frameworks/OpenGL.framework/Versions/A/Libraries/libGFXShared.dylib
0x000000000b4c4000 	/System/Library/Frameworks/OpenGL.framework/Versions/A/Libraries/libGL.dylib
0x000000000b4c4000 	/System/Library/Frameworks/OpenGL.framework/Versions/A/Libraries/libGLImage.dylib
0x000000000b4c4000 	/System/Library/Frameworks/OpenGL.framework/Versions/A/Libraries/libCVMSPluginSupport.dylib
0x000000000b4c4000 	/System/Library/Frameworks/OpenGL.framework/Versions/A/Libraries/libCoreVMClient.dylib
0x000000000b4c4000 	/usr/lib/libcups.2.dylib
0x000000000b4c4000 	/System/Library/Frameworks/Kerberos.framework/Versions/A/Kerberos
0x000000000b4c4000 	/System/Library/Frameworks/GSS.framework/Versions/A/GSS
0x000000000b4c4000 	/usr/lib/libresolv.9.dylib
0x000000000b4c4000 	/usr/lib/libiconv.2.dylib
0x000000000b4c4000 	/System/Library/PrivateFrameworks/Heimdal.framework/Versions/A/Heimdal
0x000000000b4c4000 	/usr/lib/libheimdal-asn1.dylib
0x000000000b4c4000 	/System/Library/Frameworks/OpenDirectory.framework/Versions/A/OpenDirectory
0x000000000b4c4000 	/System/Library/PrivateFrameworks/CommonAuth.framework/Versions/A/CommonAuth
0x000000000b4c4000 	/System/Library/Frameworks/OpenDirectory.framework/Versions/A/Frameworks/CFOpenDirectory.framework/Versions/A/CFOpenDirectory
0x000000000b4c4000 	/System/Library/Frameworks/SecurityFoundation.framework/Versions/A/SecurityFoundation
0x000000000b4c4000 	/System/Library/PrivateFrameworks/LanguageModeling.framework/Versions/A/LanguageModeling
0x000000000b4c4000 	/usr/lib/libmarisa.dylib
0x000000000b4c4000 	/usr/lib/libChineseTokenizer.dylib
0x000000000b4c4000 	/usr/lib/libcmph.dylib
0x000000000b4c4000 	/usr/lib/libcompression.dylib
0x000000000b4c4000 	/System/Library/Frameworks/ServiceManagement.framework/Versions/A/ServiceManagement
0x000000000b4c4000 	/usr/lib/libxslt.1.dylib
0x000000000b4c4000 	/System/Library/Frameworks/Carbon.framework/Versions/A/Frameworks/Ink.framework/Versions/A/Ink
0x000000000b4c4000 	/usr/lib/libFosl_dynamic.dylib
0x000000000b4c4000 	/System/Library/PrivateFrameworks/FaceCore.framework/Versions/A/FaceCore
0x000000000b4c4000 	/System/Library/Frameworks/OpenCL.framework/Versions/A/OpenCL
0x000000000b4c4000 	/System/Library/PrivateFrameworks/CrashReporterSupport.framework/Versions/A/CrashReporterSupport
0x000000000b4c4000 	/System/Library/PrivateFrameworks/IconServices.framework/Versions/A/IconServices
0x000000000b4c4000 	/System/Library/PrivateFrameworks/Apple80211.framework/Versions/A/Apple80211
0x000000000b4c4000 	/System/Library/Frameworks/CoreWLAN.framework/Versions/A/CoreWLAN
0x000000000b4c4000 	/System/Library/Frameworks/IOBluetooth.framework/Versions/A/IOBluetooth
0x000000000b4c4000 	/System/Library/PrivateFrameworks/CoreWiFi.framework/Versions/A/CoreWiFi
0x000000000b4c4000 	/System/Library/Frameworks/CoreBluetooth.framework/Versions/A/CoreBluetooth
0x000000000b4c4000 	/System/Library/PrivateFrameworks/ChunkingLibrary.framework/Versions/A/ChunkingLibrary
0x000000000b4c4000 	/System/Library/PrivateFrameworks/DebugSymbols.framework/Versions/A/DebugSymbols
0x000000000b4c4000 	/System/Library/PrivateFrameworks/CoreSymbolication.framework/Versions/A/CoreSymbolication
0x000000000b4c4000 	/System/Library/PrivateFrameworks/Symbolication.framework/Versions/A/Symbolication
0x000000000b4c4000 	/System/Library/PrivateFrameworks/SpeechRecognitionCore.framework/Versions/A/SpeechRecognitionCore
0x0000000104d8f000 	/Library/Java/JavaVirtualMachines/jdk1.8.0_65.jdk/Contents/Home/jre/lib/server/libjvm.dylib
0x000000000b4c4000 	/usr/lib/libstdc++.6.dylib
0x0000000105d1c000 	/Library/Java/JavaVirtualMachines/jdk1.8.0_65.jdk/Contents/Home/jre/lib/libverify.dylib
0x0000000105d2a000 	/Library/Java/JavaVirtualMachines/jdk1.8.0_65.jdk/Contents/Home/jre/lib/libjava.dylib
0x0000000105d69000 	/Library/Java/JavaVirtualMachines/jdk1.8.0_65.jdk/Contents/Home/jre/lib/libzip.dylib
0x0000000118f2c000 	/System/Library/Frameworks/JavaVM.framework/Frameworks/JavaRuntimeSupport.framework/JavaRuntimeSupport
0x0000000118f47000 	/System/Library/Frameworks/JavaVM.framework/Versions/A/Frameworks/JavaNativeFoundation.framework/Versions/A/JavaNativeFoundation
0x0000000118f5c000 	/System/Library/Frameworks/JavaVM.framework/Versions/A/JavaVM
0x000000000b4c4000 	/System/Library/Frameworks/Carbon.framework/Versions/A/Carbon
0x0000000118f69000 	/System/Library/PrivateFrameworks/JavaLaunching.framework/Versions/A/JavaLaunching
0x000000000b4c4000 	/System/Library/Frameworks/Carbon.framework/Versions/A/Frameworks/CommonPanels.framework/Versions/A/CommonPanels
0x000000000b4c4000 	/System/Library/Frameworks/Carbon.framework/Versions/A/Frameworks/Help.framework/Versions/A/Help
0x000000000b4c4000 	/System/Library/Frameworks/Carbon.framework/Versions/A/Frameworks/ImageCapture.framework/Versions/A/ImageCapture
0x000000000b4c4000 	/System/Library/Frameworks/Carbon.framework/Versions/A/Frameworks/OpenScripting.framework/Versions/A/OpenScripting
0x000000000b4c4000 	/System/Library/Frameworks/Carbon.framework/Versions/A/Frameworks/Print.framework/Versions/A/Print
0x000000000b4c4000 	/System/Library/Frameworks/Carbon.framework/Versions/A/Frameworks/SecurityHI.framework/Versions/A/SecurityHI
0x000000011a902000 	/Library/Java/JavaVirtualMachines/jdk1.8.0_65.jdk/Contents/Home/jre/lib/libawt.dylib
0x000000011a9aa000 	/Library/Java/JavaVirtualMachines/jdk1.8.0_65.jdk/Contents/Home/jre/lib/./libmlib_image.dylib
0x000000011aa76000 	/Library/Java/JavaVirtualMachines/jdk1.8.0_65.jdk/Contents/Home/jre/lib/libawt_lwawt.dylib
0x000000011ab2b000 	/Library/Java/JavaVirtualMachines/jdk1.8.0_65.jdk/Contents/Home/jre/lib/./libosxapp.dylib
0x000000000b4c4000 	/System/Library/Frameworks/ExceptionHandling.framework/Versions/A/ExceptionHandling
0x000000000b4c4000 	/System/Library/PrivateFrameworks/CoreServicesInternal.framework/Versions/A/CoreServicesInternal
0x000000000b4c4000 	/System/Library/Frameworks/CoreGraphics.framework/Versions/A/Resources/libRIP.A.dylib
0x000000000b4c4000 	/System/Library/Frameworks/Accelerate.framework/Versions/A/Frameworks/vImage.framework/Versions/A/Libraries/libCGInterfaces.dylib
0x000000000b4c4000 	/System/Library/Frameworks/CoreGraphics.framework/Versions/A/Resources/libCGXType.A.dylib
0x000000000b4c4000 	/System/Library/Frameworks/OpenCL.framework/Versions/A/Libraries/libcldcpuengine.dylib
0x000000000b4c4000 	/System/Library/PrivateFrameworks/DiskImages.framework/Versions/A/DiskImages
0x000000000b4c4000 	/System/Library/Frameworks/DiscRecording.framework/Versions/A/DiscRecording
0x000000000b4c4000 	/usr/lib/libcsfde.dylib
0x000000000b4c4000 	/usr/lib/libcurl.4.dylib
0x000000000b4c4000 	/System/Library/PrivateFrameworks/MediaKit.framework/Versions/A/MediaKit
0x000000000b4c4000 	/System/Library/PrivateFrameworks/ProtectedCloudStorage.framework/Versions/A/ProtectedCloudStorage
0x000000000b4c4000 	/usr/lib/libCoreStorage.dylib
0x000000000b4c4000 	/System/Library/PrivateFrameworks/EFILogin.framework/Versions/A/EFILogin
0x000000000b4c4000 	/usr/lib/libutil.dylib
0x000000000b4c4000 	/System/Library/PrivateFrameworks/FindMyDevice.framework/Versions/A/FindMyDevice
0x000000000b4c4000 	/System/Library/Frameworks/LDAP.framework/Versions/A/LDAP
0x000000000b4c4000 	/usr/lib/libsasl2.2.dylib
0x000000000b4c4000 	/System/Library/PrivateFrameworks/CoreDaemon.framework/Versions/B/CoreDaemon
0x000000000b4c4000 	/usr/lib/libcrypto.0.9.8.dylib
0x000000000b4c4000 	/System/Library/PrivateFrameworks/AppleSRP.framework/Versions/A/AppleSRP
0x000000000b4c4000 	/System/Library/PrivateFrameworks/TrustEvaluationAgent.framework/Versions/A/TrustEvaluationAgent
0x000000011c3d8000 	cl_kernels
0x000000000b4c4000 	/System/Library/Frameworks/OpenCL.framework/Versions/A/Libraries/ImageFormats/unorm8_bgra.dylib
0x000000000b4c4000 	/System/Library/Frameworks/OpenCL.framework/Versions/A/Libraries/ImageFormats/unorm8_rgba.dylib
0x000000000b4c4000 	/System/Library/PrivateFrameworks/FamilyControls.framework/Versions/A/FamilyControls
0x000000000b4c4000 	/System/Library/PrivateFrameworks/CommerceKit.framework/Versions/A/Frameworks/CommerceCore.framework/Versions/A/CommerceCore
0x000000000b4c4000 	/System/Library/PrivateFrameworks/SystemAdministration.framework/Versions/A/SystemAdministration
0x000000000b4c4000 	/System/Library/PrivateFrameworks/AppContainer.framework/Versions/A/AppContainer
0x000000000b4c4000 	/System/Library/PrivateFrameworks/SecCodeWrapper.framework/Versions/A/SecCodeWrapper
0x000000000b4c4000 	/System/Library/Frameworks/DirectoryService.framework/Versions/A/DirectoryService
0x000000000b4c4000 	/System/Library/PrivateFrameworks/LoginUIKit.framework/Versions/A/Frameworks/LoginUICore.framework/Versions/A/LoginUICore
0x000000000b4c4000 	/usr/lib/libodfde.dylib
0x000000011d470000 	/Library/Java/JavaVirtualMachines/jdk1.8.0_65.jdk/Contents/Home/jre/lib/libfontmanager.dylib
0x000000000b4c4000 	/System/Library/Frameworks/OpenGL.framework/Versions/A/Resources/GLEngine.bundle/GLEngine
0x000000000b4c4000 	/System/Library/Frameworks/OpenGL.framework/Versions/A/Libraries/libGLProgrammability.dylib
0x000000011d4d7000 	/System/Library/Extensions/GeForceTeslaGLDriver.bundle/Contents/MacOS/GeForceTeslaGLDriver
0x000000011f097000 	/System/Library/Extensions/GeForceTeslaGLDriver.bundle/Contents/MacOS/libclh.dylib
0x000000000b4c4000 	/System/Library/PrivateFrameworks/GPUSupport.framework/Versions/A/Libraries/libGPUSupport.dylib
0x000000000b4c4000 	/System/Library/Frameworks/OpenGL.framework/Versions/A/Resources/GLRendererFloat.bundle/GLRendererFloat
0x00000001202ef000 	/Library/Java/JavaVirtualMachines/jdk1.8.0_65.jdk/Contents/Home/jre/lib/libosxui.dylib
0x0000000120d75000 	/Library/Java/JavaVirtualMachines/jdk1.8.0_65.jdk/Contents/Home/jre/lib/libnet.dylib
0x0000000120dc0000 	/Library/Java/JavaVirtualMachines/jdk1.8.0_65.jdk/Contents/Home/jre/lib/libnio.dylib
0x000000000b4c4000 	/System/Library/Frameworks/ApplicationServices.framework/Versions/A/Frameworks/ATS.framework/Versions/A/Resources/libTrueTypeScaler.dylib
0x000000000b4c4000 	/System/Library/CoreServices/RawCamera.bundle/Contents/MacOS/RawCamera
0x000000000b4c4000 	/System/Library/PrivateFrameworks/CloudDocs.framework/Versions/A/CloudDocs
0x000000000b4c4000 	/System/Library/PrivateFrameworks/CoreDuet.framework/Versions/A/CoreDuet
0x000000000b4c4000 	/System/Library/Frameworks/CloudKit.framework/Versions/A/CloudKit
0x000000000b4c4000 	/System/Library/PrivateFrameworks/ProtocolBuffer.framework/Versions/A/ProtocolBuffer
0x000000000b4c4000 	/System/Library/PrivateFrameworks/CoreDuetDaemonProtocol.framework/Versions/A/CoreDuetDaemonProtocol
0x000000000b4c4000 	/System/Library/PrivateFrameworks/CoreDuetDebugLogging.framework/Versions/A/CoreDuetDebugLogging
0x000000000b4c4000 	/System/Library/PrivateFrameworks/MMCS.framework/Versions/A/MMCS
0x000000000b4c4000 	/System/Library/Frameworks/CoreLocation.framework/Versions/A/CoreLocation
0x000000000b4c4000 	/System/Library/PrivateFrameworks/AssetCacheServices.framework/Versions/A/AssetCacheServices
0x000000000b4c4000 	/System/Library/PrivateFrameworks/GeoServices.framework/Versions/A/GeoServices
0x0000000189f0f000 	/Library/Java/JavaVirtualMachines/jdk1.8.0_65.jdk/Contents/Home/jre/lib/libdcpr.dylib
0x000000011c21e000 	/private/var/folders/tq/0vqc210j6qs7lhjts3b0wgl40000gn/T/jogamp_0000/file_cache/jln2420422302045626870/jln5326980008642434126/natives/macosx-universal/libgluegen-rt.jnilib
0x000000011c222000 	/private/var/folders/tq/0vqc210j6qs7lhjts3b0wgl40000gn/T/jogamp_0000/file_cache/jln2420422302045626870/jln5326980008642434126/natives/macosx-universal/libnativewindow_awt.jnilib
0x000000011c225000 	/Library/Java/JavaVirtualMachines/jdk1.8.0_65.jdk/Contents/Home/jre/lib/libjawt.dylib
0x000000011c237000 	/private/var/folders/tq/0vqc210j6qs7lhjts3b0wgl40000gn/T/jogamp_0000/file_cache/jln2420422302045626870/jln5326980008642434126/natives/macosx-universal/libnativewindow_macosx.jnilib
0x000000018d86c000 	/private/var/folders/tq/0vqc210j6qs7lhjts3b0wgl40000gn/T/jogamp_0000/file_cache/jln2420422302045626870/jln5326980008642434126/natives/macosx-universal/libjogl_desktop.jnilib
0x000000011c241000 	/private/var/folders/tq/0vqc210j6qs7lhjts3b0wgl40000gn/T/jogamp_0000/file_cache/jln2420422302045626870/jln5326980008642434126/natives/macosx-universal/libjogl_mobile.jnilib
0x0000000189e70000 	/Library/Java/JavaVirtualMachines/jdk1.8.0_65.jdk/Contents/Home/jre/lib/libjpeg.dylib

VM Arguments:
jvm_args: -Dfile.encoding=UTF-8 
java_command: actr.env.Main
java_class_path (initial): /Users/Ehsan/Desktop/WorkSpace/Driving+Fatigue/bin:/Users/Ehsan/Desktop/WorkSpace/Driving+Fatigue/lib/gluegen-rt-natives-macosx-universal.jar:/Users/Ehsan/Desktop/WorkSpace/Driving+Fatigue/lib/gluegen-rt.jar:/Users/Ehsan/Desktop/WorkSpace/Driving+Fatigue/lib/jogl-all-natives-macosx-universal.jar:/Users/Ehsan/Desktop/WorkSpace/Driving+Fatigue/lib/jogl-all.jar:/Users/Ehsan/Desktop/WorkSpace/Driving+Fatigue/lib/commons-lang3-3.1.jar:/Users/Ehsan/Desktop/WorkSpace/Driving+Fatigue/jar-fatigue/ACT-R.jar
Launcher Type: SUN_STANDARD

Environment Variables:
PATH=/usr/bin:/bin:/usr/sbin:/sbin
SHELL=/bin/bash
DISPLAY=/private/tmp/com.apple.launchd.yL93kVTRM1/org.macosforge.xquartz:0

Signal Handlers:
SIGSEGV: [libjvm.dylib+0x5a6d31], sa_mask[0]=11111111011111110111111111111111, sa_flags=SA_ONSTACK|SA_RESTART|SA_SIGINFO
SIGBUS: [libjvm.dylib+0x5a6d31], sa_mask[0]=11111111011111110111111111111111, sa_flags=SA_RESTART|SA_SIGINFO
SIGFPE: [libjvm.dylib+0x480a40], sa_mask[0]=11111111011111110111111111111111, sa_flags=SA_RESTART|SA_SIGINFO
SIGPIPE: [libjvm.dylib+0x480a40], sa_mask[0]=11111111011111110111111111111111, sa_flags=SA_RESTART|SA_SIGINFO
SIGXFSZ: [libjvm.dylib+0x480a40], sa_mask[0]=11111111011111110111111111111111, sa_flags=SA_RESTART|SA_SIGINFO
SIGILL: [libjvm.dylib+0x480a40], sa_mask[0]=11111111011111110111111111111111, sa_flags=SA_RESTART|SA_SIGINFO
SIGUSR1: SIG_DFL, sa_mask[0]=00000000000000000000000000000000, sa_flags=none
SIGUSR2: [libjvm.dylib+0x48055e], sa_mask[0]=00100000000000000000000000000000, sa_flags=SA_RESTART|SA_SIGINFO
SIGHUP: [libjvm.dylib+0x47eb35], sa_mask[0]=11111111011111110111111111111111, sa_flags=SA_RESTART|SA_SIGINFO
SIGINT: [libjvm.dylib+0x47eb35], sa_mask[0]=11111111011111110111111111111111, sa_flags=SA_RESTART|SA_SIGINFO
SIGTERM: [libjvm.dylib+0x47eb35], sa_mask[0]=11111111011111110111111111111111, sa_flags=SA_RESTART|SA_SIGINFO
SIGQUIT: [libjvm.dylib+0x47eb35], sa_mask[0]=11111111011111110111111111111111, sa_flags=SA_RESTART|SA_SIGINFO


---------------  S Y S T E M  ---------------

OS:Bsduname:Darwin 15.3.0 Darwin Kernel Version 15.3.0: Thu Dec 10 18:40:58 PST 2015; root:xnu-3248.30.4~1/RELEASE_X86_64 x86_64
rlimit: STACK 8192k, CORE 0k, NPROC 709, NOFILE 10240, AS infinity
load average:3.88 2.80 5.68

CPU:total 2 (2 cores per cpu, 1 threads per core) family 6 model 23 stepping 10, cmov, cx8, fxsr, mmx, sse, sse2, sse3, ssse3, sse4.1, tsc

Memory: 4k page, physical 4194304k(22256k free)

/proc/meminfo:


vm_info: Java HotSpot(TM) 64-Bit Server VM (25.65-b01) for bsd-amd64 JRE (1.8.0_65-b17), built on Oct  6 2015 15:36:46 by "java_re" with gcc 4.2.1 (Based on Apple Inc. build 5658) (LLVM build 2336.11.00)

time: Mon Mar  7 12:34:30 2016
elapsed time: 23 seconds (0d 0h 0m 23s)

